<?xml version="1.0" encoding="UTF-8"?>
<!-- Generated by org.testng.reporters.JUnitXMLReporter -->
<testsuite ignored="0" hostname="Ramakantas-MacBook-Pro.local" failures="0" tests="6" name="Mool MonthCloseGeneral Chrome" time="732.013" errors="0" timestamp="2023-02-11T17:16:23 IST">
  <testcase classname="com.vetan.mool.TestCases.TC_MonthCloseGeneral_001" name="Awards" time="210.228"/>
  <testcase classname="com.vetan.mool.TestCases.TC_MonthCloseGeneral_001" name="Incentive" time="97.0"/>
  <testcase classname="com.vetan.mool.TestCases.TC_MonthCloseGeneral_001" name="LeaveEncashment" time="103.41"/>
  <testcase classname="com.vetan.mool.TestCases.TC_MonthCloseGeneral_001" name="Rewards" time="102.993"/>
  <testcase classname="com.vetan.mool.TestCases.TC_MonthCloseGeneral_001" name="otherAllowances" time="100.535"/>
  <testcase classname="com.vetan.mool.TestCases.TC_MonthCloseGeneral_001" name="variableSalary" time="101.368"/>
</testsuite> <!-- Mool MonthCloseGeneral Chrome -->
