<?xml version="1.0" encoding="UTF-8"?>
<testng-results ignored="0" total="1" passed="1" failed="0" skipped="0">
  <reporter-output>
  </reporter-output>
  <suite started-at="2023-03-22T01:27:21 IST" name="Vetan_Flow" finished-at="2023-03-22T01:29:01 IST" duration-ms="100149">
    <groups>
    </groups>
    <test started-at="2023-03-22T01:27:21 IST" name="Mool MonthCloseBonus Chrome" finished-at="2023-03-22T01:29:01 IST" duration-ms="100149">
      <class name="com.vetan.mool.TestCases.TC_MonthCloseBonus_001">
        <test-method is-config="true" signature="BeforeSuite()[pri:0, instance:com.vetan.mool.TestCases.TC_MonthCloseBonus_001@5c909414]" started-at="2023-03-22T01:27:21 IST" name="BeforeSuite" finished-at="2023-03-22T01:27:21 IST" duration-ms="139" status="PASS">
          <reporter-output>
          </reporter-output>
        </test-method> <!-- BeforeSuite -->
        <test-method is-config="true" signature="setup(java.lang.String)[pri:0, instance:com.vetan.mool.TestCases.TC_MonthCloseBonus_001@5c909414]" started-at="2023-03-22T01:27:21 IST" name="setup" finished-at="2023-03-22T01:27:24 IST" duration-ms="2697" status="PASS">
          <params>
            <param index="0">
              <value>
                <![CDATA[chrome]]>
              </value>
            </param>
          </params>
          <reporter-output>
          </reporter-output>
        </test-method> <!-- setup -->
        <test-method signature="MonthClosePujaBonus()[pri:0, instance:com.vetan.mool.TestCases.TC_MonthCloseBonus_001@5c909414]" started-at="2023-03-22T01:27:24 IST" name="MonthClosePujaBonus" finished-at="2023-03-22T01:29:01 IST" duration-ms="97271" status="PASS">
          <reporter-output>
          </reporter-output>
        </test-method> <!-- MonthClosePujaBonus -->
        <test-method is-config="true" signature="tearDown()[pri:0, instance:com.vetan.mool.TestCases.TC_MonthCloseBonus_001@5c909414]" started-at="2023-03-22T01:29:01 IST" name="tearDown" finished-at="2023-03-22T01:29:01 IST" duration-ms="169" status="PASS">
          <reporter-output>
          </reporter-output>
        </test-method> <!-- tearDown -->
        <test-method is-config="true" signature="afterSuite()[pri:0, instance:com.vetan.mool.TestCases.TC_MonthCloseBonus_001@5c909414]" started-at="2023-03-22T01:29:01 IST" name="afterSuite" finished-at="2023-03-22T01:29:02 IST" duration-ms="164" status="PASS">
          <reporter-output>
          </reporter-output>
        </test-method> <!-- afterSuite -->
      </class> <!-- com.vetan.mool.TestCases.TC_MonthCloseBonus_001 -->
    </test> <!-- Mool MonthCloseBonus Chrome -->
  </suite> <!-- Vetan_Flow -->
</testng-results>
