<?xml version="1.0" encoding="UTF-8"?>
<testng-results ignored="0" total="1" passed="1" failed="0" skipped="0">
  <reporter-output>
  </reporter-output>
  <suite started-at="2023-02-06T16:01:15 IST" name="Vetan_Flow" finished-at="2023-02-06T16:01:53 IST" duration-ms="37091">
    <groups>
    </groups>
    <test started-at="2023-02-06T16:01:15 IST" name="Mool Tool Calculator Chrome" finished-at="2023-02-06T16:01:53 IST" duration-ms="37091">
      <class name="com.vetan.mool.TestCases.TC_MonthCloseGeneral_001">
        <test-method is-config="true" signature="BeforeSuite()[pri:0, instance:com.vetan.mool.TestCases.TC_MonthCloseGeneral_001@20d28811]" started-at="2023-02-06T16:01:15 IST" name="BeforeSuite" finished-at="2023-02-06T16:01:15 IST" duration-ms="117" status="PASS">
          <reporter-output>
          </reporter-output>
        </test-method> <!-- BeforeSuite -->
        <test-method is-config="true" signature="setup(java.lang.String)[pri:0, instance:com.vetan.mool.TestCases.TC_MonthCloseGeneral_001@20d28811]" started-at="2023-02-06T16:01:15 IST" name="setup" finished-at="2023-02-06T16:01:33 IST" duration-ms="17354" status="PASS">
          <params>
            <param index="0">
              <value>
                <![CDATA[chrome]]>
              </value>
            </param>
          </params>
          <reporter-output>
          </reporter-output>
        </test-method> <!-- setup -->
        <test-method signature="Incentive()[pri:0, instance:com.vetan.mool.TestCases.TC_MonthCloseGeneral_001@20d28811]" started-at="2023-02-06T16:01:33 IST" name="Incentive" finished-at="2023-02-06T16:01:52 IST" duration-ms="19554" status="PASS">
          <reporter-output>
          </reporter-output>
        </test-method> <!-- Incentive -->
        <test-method is-config="true" signature="tearDown()[pri:0, instance:com.vetan.mool.TestCases.TC_MonthCloseGeneral_001@20d28811]" started-at="2023-02-06T16:01:52 IST" name="tearDown" finished-at="2023-02-06T16:01:53 IST" duration-ms="161" status="PASS">
          <reporter-output>
          </reporter-output>
        </test-method> <!-- tearDown -->
        <test-method is-config="true" signature="afterSuite()[pri:0, instance:com.vetan.mool.TestCases.TC_MonthCloseGeneral_001@20d28811]" started-at="2023-02-06T16:01:53 IST" name="afterSuite" finished-at="2023-02-06T16:01:53 IST" duration-ms="206" status="PASS">
          <reporter-output>
          </reporter-output>
        </test-method> <!-- afterSuite -->
      </class> <!-- com.vetan.mool.TestCases.TC_MonthCloseGeneral_001 -->
    </test> <!-- Mool Tool Calculator Chrome -->
  </suite> <!-- Vetan_Flow -->
</testng-results>
