<?xml version="1.0" encoding="UTF-8"?>
<testsuite xmlns:xsi="http://www.w3.org/2001/XMLSchema-instance" xsi:noNamespaceSchemaLocation="https://maven.apache.org/surefire/maven-surefire-plugin/xsd/surefire-test-report-3.0.xsd" version="3.0" name="TestSuite" time="607.707" tests="6" errors="0" skipped="0" failures="0">
  <properties>
[...]
</properties>
  <testcase name="Awards" classname="com.vetan.mool.TestCases.MonthClose.TC_MonthCloseGeneral_001" time="194.803"/>
  <testcase name="Incentive" classname="com.vetan.mool.TestCases.MonthClose.TC_MonthCloseGeneral_001" time="76.061"/>
  <testcase name="LeaveEncashment" classname="com.vetan.mool.TestCases.MonthClose.TC_MonthCloseGeneral_001" time="84.093"/>
  <testcase name="Rewards" classname="com.vetan.mool.TestCases.MonthClose.TC_MonthCloseGeneral_001" time="84.18"/>
  <testcase name="otherAllowances" classname="com.vetan.mool.TestCases.MonthClose.TC_MonthCloseGeneral_001" time="81.201"/>
  <testcase name="variableSalary" classname="com.vetan.mool.TestCases.MonthClose.TC_MonthCloseGeneral_001" time="82.161"/>
</testsuite>